Using pre-set license
Built from '2020.3/staging' branch; Version is '2020.3.30f1 (1fb1bf06830e) revision 2077119'; Using compiler version '192528614'; Build Type 'Release'
OS: 'Windows 10  (10.0.19042) 64bit Education' Language: 'pl' Physical Memory: 8060 MB
BatchMode: 1, IsHumanControllingUs: 0, StartBugReporterOnCrash: 0, Is64bit: 1, IsPro: 0

COMMAND LINE ARGUMENTS:
C:\Program Files\Unity\Hub\Editor\2020.3.30f1\Editor\Unity.exe
-adb2
-batchMode
-noUpm
-name
AssetImportWorker0
-projectPath
C:/Users/Waweł/Documents/UnityProject/Kamele/Kamele/Kamele
-logFile
Logs/AssetImportWorker0.log
-srvPort
50231
Successfully changed project path to: C:/Users/Waweł/Documents/UnityProject/Kamele/Kamele/Kamele
C:/Users/Waweł/Documents/UnityProject/Kamele/Kamele/Kamele
Using Asset Import Pipeline V2.
Refreshing native plugins compatible for Editor in 28.33 ms, found 2 plugins.
Preloading 0 native plugins for Editor in 0.00 ms.
Initialize engine version: 2020.3.30f1 (1fb1bf06830e)
[Subsystems] Discovering subsystems at path C:/Program Files/Unity/Hub/Editor/2020.3.30f1/Editor/Data/Resources/UnitySubsystems
[Subsystems] Discovering subsystems at path C:/Users/Waweł/Documents/UnityProject/Kamele/Kamele/Kamele/Assets
GfxDevice: creating device client; threaded=0
Direct3D:
    Version:  Direct3D 11.0 [level 11.1]
    Renderer: NVIDIA GeForce GTX 1650 (ID=0x1f99)
    Vendor:   
    VRAM:     3962 MB
    Driver:   27.21.14.6230
Initialize mono
Mono path[0] = 'C:/Program Files/Unity/Hub/Editor/2020.3.30f1/Editor/Data/Managed'
Mono path[1] = 'C:/Program Files/Unity/Hub/Editor/2020.3.30f1/Editor/Data/MonoBleedingEdge/lib/mono/unityjit'
Mono config path = 'C:/Program Files/Unity/Hub/Editor/2020.3.30f1/Editor/Data/MonoBleedingEdge/etc'
Using monoOptions --debugger-agent=transport=dt_socket,embedding=1,server=y,suspend=n,address=127.0.0.1:56312
Begin MonoManager ReloadAssembly
Registering precompiled unity dll's ...
Register platform support module: C:/Program Files/Unity/Hub/Editor/2020.3.30f1/Editor/Data/PlaybackEngines/MacStandaloneSupport/UnityEditor.OSXStandalone.Extensions.dll
Register platform support module: C:/Program Files/Unity/Hub/Editor/2020.3.30f1/Editor/Data/PlaybackEngines/WindowsStandaloneSupport/UnityEditor.WindowsStandalone.Extensions.dll
Registered in 0.002011 seconds.
Native extension for WindowsStandalone target not found
Native extension for OSXStandalone target not found
Refreshing native plugins compatible for Editor in 27.75 ms, found 2 plugins.
Preloading 0 native plugins for Editor in 0.00 ms.
Mono: successfully reloaded assembly
- Completed reload, in  0.521 seconds
Domain Reload Profiling:
	ReloadAssembly (521ms)
		BeginReloadAssembly (64ms)
			ExecutionOrderSort (0ms)
			DisableScriptedObjects (0ms)
			BackupInstance (0ms)
			ReleaseScriptingObjects (0ms)
			CreateAndSetChildDomain (1ms)
		EndReloadAssembly (393ms)
			LoadAssemblies (62ms)
			RebuildTransferFunctionScriptingTraits (0ms)
			SetupTypeCache (127ms)
			ReleaseScriptCaches (0ms)
			RebuildScriptCaches (32ms)
			SetupLoadedEditorAssemblies (144ms)
				LogAssemblyErrors (0ms)
				InitializePlatformSupportModulesInManaged (6ms)
				SetLoadedEditorAssemblies (0ms)
				RefreshPlugins (28ms)
				BeforeProcessingInitializeOnLoad (12ms)
				ProcessInitializeOnLoadAttributes (74ms)
				ProcessInitializeOnLoadMethodAttributes (24ms)
				AfterProcessingInitializeOnLoad (0ms)
				EditorAssembliesLoaded (0ms)
			ExecutionOrderSort2 (0ms)
			AwakeInstancesAfterBackupRestoration (0ms)
Platform modules already initialized, skipping
Registering precompiled user dll's ...
Registered in 0.002491 seconds.
Begin MonoManager ReloadAssembly
Native extension for WindowsStandalone target not found
Native extension for OSXStandalone target not found
Refreshing native plugins compatible for Editor in 0.30 ms, found 2 plugins.
Preloading 0 native plugins for Editor in 0.00 ms.
Mono: successfully reloaded assembly
- Completed reload, in  0.876 seconds
Domain Reload Profiling:
	ReloadAssembly (877ms)
		BeginReloadAssembly (134ms)
			ExecutionOrderSort (0ms)
			DisableScriptedObjects (4ms)
			BackupInstance (0ms)
			ReleaseScriptingObjects (0ms)
			CreateAndSetChildDomain (17ms)
		EndReloadAssembly (691ms)
			LoadAssemblies (83ms)
			RebuildTransferFunctionScriptingTraits (0ms)
			SetupTypeCache (221ms)
			ReleaseScriptCaches (0ms)
			RebuildScriptCaches (42ms)
			SetupLoadedEditorAssemblies (279ms)
				LogAssemblyErrors (0ms)
				InitializePlatformSupportModulesInManaged (5ms)
				SetLoadedEditorAssemblies (0ms)
				RefreshPlugins (0ms)
				BeforeProcessingInitializeOnLoad (84ms)
				ProcessInitializeOnLoadAttributes (175ms)
				ProcessInitializeOnLoadMethodAttributes (8ms)
				AfterProcessingInitializeOnLoad (5ms)
				EditorAssembliesLoaded (0ms)
			ExecutionOrderSort2 (0ms)
			AwakeInstancesAfterBackupRestoration (6ms)
Platform modules already initialized, skipping
========================================================================
Worker process is ready to serve import requests
Launched and connected shader compiler UnityShaderCompiler.exe after 0.03 seconds
Refreshing native plugins compatible for Editor in 0.29 ms, found 2 plugins.
Preloading 0 native plugins for Editor in 0.00 ms.
Unloading 1536 Unused Serialized files (Serialized files now loaded: 0)
System memory in use before: 71.5 MB.
System memory in use after: 71.6 MB.

Unloading 16 unused Assets to reduce memory usage. Loaded Objects now: 1971.
Total: 2.392300 ms (FindLiveObjects: 0.115800 ms CreateObjectMapping: 0.047800 ms MarkObjects: 2.175100 ms  DeleteObjects: 0.053000 ms)

AssetImportParameters requested are different than current active one (requested -> active):
  custom:framework-win-MediaFoundation: 216162199b28c13a410421893ffa2e32 -> 
  custom:video-decoder-ogg-theora: a1e56fd34408186e4bbccfd4996cb3dc -> 
  custom:container-muxer-webm: aa71ff27fc2769a1b78a27578f13a17b -> 
  custom:container-demuxer-webm: 4f35f7cbe854078d1ac9338744f61a02 -> 
  custom:container-demuxer-ogg: 62fdf1f143b41e24485cea50d1cbac27 -> 
  custom:video-encoder-webm-vp8: eb34c28f22e8b96e1ab97ce403110664 -> 
  custom:video-decoder-webm-vp8: 9c59270c3fd7afecdb556c50c9e8de78 -> 
  custom:audio-decoder-ogg-vorbis: bf7c407c2cedff20999df2af8eb42d56 -> 
  custom:audio-encoder-webm-vorbis: bf7c407c2cedff20999df2af8eb42d56 -> 
========================================================================
Received Import Request.
  path: Assets/DevLocker
  artifactKey: Guid(5bc2ce04880099641bf77a00287a066e) Importer(815301076,1909f56bfc062723c751e8b465ee728b)
Start importing Assets/DevLocker using Guid(5bc2ce04880099641bf77a00287a066e) Importer(815301076,1909f56bfc062723c751e8b465ee728b)  -> (artifact id: '625b2e4189bd472be49a83df14d31564') in 0.003380 seconds 
========================================================================
Received Import Request.
  Time since last request: 0.000165 seconds.
  path: Assets/budynki
  artifactKey: Guid(5cc7cce0bfa6931499d2c75e80d47103) Importer(815301076,1909f56bfc062723c751e8b465ee728b)
Start importing Assets/budynki using Guid(5cc7cce0bfa6931499d2c75e80d47103) Importer(815301076,1909f56bfc062723c751e8b465ee728b)  -> (artifact id: '668d4b3c347f9c61a0f3d097f8b8518c') in 0.001412 seconds 
========================================================================
Received Import Request.
  Time since last request: 3.016530 seconds.
  path: Assets/RetroScreen
  artifactKey: Guid(d901ab0f76a078648bf903165fb71ff9) Importer(815301076,1909f56bfc062723c751e8b465ee728b)
Start importing Assets/RetroScreen using Guid(d901ab0f76a078648bf903165fb71ff9) Importer(815301076,1909f56bfc062723c751e8b465ee728b)  -> (artifact id: '4ef78a9b9e84ea562a4ae3d7473d2f24') in 0.002358 seconds 
========================================================================
Received Import Request.
  Time since last request: 1.909037 seconds.
  path: Assets/RetroScreen/Demo
  artifactKey: Guid(7c065bf0d01da94458304911e9a383b4) Importer(815301076,1909f56bfc062723c751e8b465ee728b)
Start importing Assets/RetroScreen/Demo using Guid(7c065bf0d01da94458304911e9a383b4) Importer(815301076,1909f56bfc062723c751e8b465ee728b)  -> (artifact id: 'f0940c171b47fecf6830edf939eb35e3') in 0.001899 seconds 
========================================================================
Received Import Request.
  Time since last request: 1.601687 seconds.
  path: Assets/RetroScreen/Demo/Demo.unity
  artifactKey: Guid(9fc0d4010bbf28b4594072e72b8655ab) Importer(815301076,1909f56bfc062723c751e8b465ee728b)
Start importing Assets/RetroScreen/Demo/Demo.unity using Guid(9fc0d4010bbf28b4594072e72b8655ab) Importer(815301076,1909f56bfc062723c751e8b465ee728b)  -> (artifact id: '2048da752ea69a720eae452113c19412') in 0.011427 seconds 
========================================================================
Received Import Request.
  Time since last request: 6.285836 seconds.
  path: Assets/DevLocker/_Examples
  artifactKey: Guid(b565daf46c7cfed43bb7d4ea9c0f0878) Importer(815301076,1909f56bfc062723c751e8b465ee728b)
Start importing Assets/DevLocker/_Examples using Guid(b565daf46c7cfed43bb7d4ea9c0f0878) Importer(815301076,1909f56bfc062723c751e8b465ee728b)  -> (artifact id: 'b95a0245d03e32ea78118f250611c03c') in 0.002022 seconds 
========================================================================
Received Import Request.
  Time since last request: 1.500860 seconds.
  path: Assets/DevLocker/_Examples/Physics
  artifactKey: Guid(6dc5a80c94648694695e6f3f9d46a696) Importer(815301076,1909f56bfc062723c751e8b465ee728b)
Start importing Assets/DevLocker/_Examples/Physics using Guid(6dc5a80c94648694695e6f3f9d46a696) Importer(815301076,1909f56bfc062723c751e8b465ee728b)  -> (artifact id: 'afaf0512a273f92fea2af59e5a274549') in 0.006313 seconds 
========================================================================
Received Import Request.
  Time since last request: 0.542873 seconds.
  path: Assets/DevLocker/_Examples/Robot Kyle
  artifactKey: Guid(38b32afd0d054f44a869ee6b6a0dd20f) Importer(815301076,1909f56bfc062723c751e8b465ee728b)
Start importing Assets/DevLocker/_Examples/Robot Kyle using Guid(38b32afd0d054f44a869ee6b6a0dd20f) Importer(815301076,1909f56bfc062723c751e8b465ee728b)  -> (artifact id: '98ee7d2733a9134e3621572aec6a2cf8') in 0.002303 seconds 
========================================================================
Received Import Request.
  Time since last request: 1.713961 seconds.
  path: Assets/DevLocker/_Examples/Robot Kyle/Materials
  artifactKey: Guid(d8acef5805f17fe47bfaa3c959c813d0) Importer(815301076,1909f56bfc062723c751e8b465ee728b)
Start importing Assets/DevLocker/_Examples/Robot Kyle/Materials using Guid(d8acef5805f17fe47bfaa3c959c813d0) Importer(815301076,1909f56bfc062723c751e8b465ee728b)  -> (artifact id: '077366f6a3c463b394967c69e9032e4d') in 0.003071 seconds 
========================================================================
Received Import Request.
  Time since last request: 1.841224 seconds.
  path: Assets/DevLocker/_Examples/Physics/Ground.mat
  artifactKey: Guid(564d13a0e49acf749a1720ba02782933) Importer(815301076,1909f56bfc062723c751e8b465ee728b)
Start importing Assets/DevLocker/_Examples/Physics/Ground.mat using Guid(564d13a0e49acf749a1720ba02782933) Importer(815301076,1909f56bfc062723c751e8b465ee728b)  -> (artifact id: '4f806104b939ada51af0b1c17a7110a0') in 0.108817 seconds 
========================================================================
Received Import Request.
  Time since last request: 0.000297 seconds.
  path: Assets/DevLocker/_Examples/Physics/RagdollSpringRenderer.prefab
  artifactKey: Guid(dd4178971d899014fa2943a9b5b0af01) Importer(815301076,1909f56bfc062723c751e8b465ee728b)
Start importing Assets/DevLocker/_Examples/Physics/RagdollSpringRenderer.prefab using Guid(dd4178971d899014fa2943a9b5b0af01) Importer(815301076,1909f56bfc062723c751e8b465ee728b)  -> (artifact id: '1391b410fa61a4805dc3a8d4f58439e9') in 0.089949 seconds 
========================================================================
Received Import Request.
  Time since last request: 0.876599 seconds.
  path: Assets/DevLocker/_Examples/Physics/RagdollTestScene.unity
  artifactKey: Guid(d98a3c5e1ab12c04eb498ad54e3e961c) Importer(815301076,1909f56bfc062723c751e8b465ee728b)
Start importing Assets/DevLocker/_Examples/Physics/RagdollTestScene.unity using Guid(d98a3c5e1ab12c04eb498ad54e3e961c) Importer(815301076,1909f56bfc062723c751e8b465ee728b)  -> (artifact id: 'ea43d41d9b8353b72b5e962730198540') in 0.002418 seconds 
========================================================================
Received Prepare
Registering precompiled user dll's ...
Registered in 0.009989 seconds.
Begin MonoManager ReloadAssembly
Native extension for WindowsStandalone target not found
Native extension for OSXStandalone target not found
Refreshing native plugins compatible for Editor in 0.29 ms, found 2 plugins.
Preloading 0 native plugins for Editor in 0.00 ms.
Mono: successfully reloaded assembly
- Completed reload, in  0.944 seconds
Domain Reload Profiling:
	ReloadAssembly (945ms)
		BeginReloadAssembly (136ms)
			ExecutionOrderSort (0ms)
			DisableScriptedObjects (4ms)
			BackupInstance (0ms)
			ReleaseScriptingObjects (0ms)
			CreateAndSetChildDomain (31ms)
		EndReloadAssembly (755ms)
			LoadAssemblies (126ms)
			RebuildTransferFunctionScriptingTraits (0ms)
			SetupTypeCache (268ms)
			ReleaseScriptCaches (1ms)
			RebuildScriptCaches (38ms)
			SetupLoadedEditorAssemblies (275ms)
				LogAssemblyErrors (0ms)
				InitializePlatformSupportModulesInManaged (5ms)
				SetLoadedEditorAssemblies (0ms)
				RefreshPlugins (0ms)
				BeforeProcessingInitializeOnLoad (88ms)
				ProcessInitializeOnLoadAttributes (164ms)
				ProcessInitializeOnLoadMethodAttributes (10ms)
				AfterProcessingInitializeOnLoad (6ms)
				EditorAssembliesLoaded (0ms)
			ExecutionOrderSort2 (0ms)
			AwakeInstancesAfterBackupRestoration (6ms)
Platform modules already initialized, skipping
Refreshing native plugins compatible for Editor in 0.30 ms, found 2 plugins.
Preloading 0 native plugins for Editor in 0.00 ms.
Unloading 1517 Unused Serialized files (Serialized files now loaded: 0)
System memory in use before: 73.4 MB.
System memory in use after: 73.5 MB.

Unloading 11 unused Assets to reduce memory usage. Loaded Objects now: 2013.
Total: 2.106000 ms (FindLiveObjects: 0.119700 ms CreateObjectMapping: 0.048700 ms MarkObjects: 1.920900 ms  DeleteObjects: 0.016100 ms)

AssetImportParameters requested are different than current active one (requested -> active):
  custom:framework-win-MediaFoundation: 216162199b28c13a410421893ffa2e32 -> 
  custom:video-decoder-ogg-theora: a1e56fd34408186e4bbccfd4996cb3dc -> 
  custom:container-muxer-webm: aa71ff27fc2769a1b78a27578f13a17b -> 
  custom:container-demuxer-webm: 4f35f7cbe854078d1ac9338744f61a02 -> 
  custom:container-demuxer-ogg: 62fdf1f143b41e24485cea50d1cbac27 -> 
  custom:video-encoder-webm-vp8: eb34c28f22e8b96e1ab97ce403110664 -> 
  custom:video-decoder-webm-vp8: 9c59270c3fd7afecdb556c50c9e8de78 -> 
  custom:audio-decoder-ogg-vorbis: bf7c407c2cedff20999df2af8eb42d56 -> 
  custom:audio-encoder-webm-vorbis: bf7c407c2cedff20999df2af8eb42d56 -> 
========================================================================
Received Import Request.
  Time since last request: 1412.963568 seconds.
  path: Assets/DevLocker/_Examples/Robot Kyle/Textures/Robot_Color.tga
  artifactKey: Guid(0a0e8af2869fa45f78e25460db578482) Importer(815301076,1909f56bfc062723c751e8b465ee728b)
Start importing Assets/DevLocker/_Examples/Robot Kyle/Textures/Robot_Color.tga using Guid(0a0e8af2869fa45f78e25460db578482) Importer(815301076,1909f56bfc062723c751e8b465ee728b)  -> (artifact id: '98622eacf28f42db92306cb5f2266198') in 0.050085 seconds 
========================================================================
Received Import Request.
  Time since last request: 0.000284 seconds.
  path: Assets/DevLocker/_Examples/Robot Kyle/Textures/Robot_Normal.tga
  artifactKey: Guid(94c473c9137744d7eabd829f1150da8d) Importer(815301076,1909f56bfc062723c751e8b465ee728b)
Start importing Assets/DevLocker/_Examples/Robot Kyle/Textures/Robot_Normal.tga using Guid(94c473c9137744d7eabd829f1150da8d) Importer(815301076,1909f56bfc062723c751e8b465ee728b)  -> (artifact id: 'cacc74c42e83bd577a7284fe2a1390f0') in 0.021959 seconds 
========================================================================
Received Import Request.
  Time since last request: 82.371551 seconds.
  path: Assets/DevLocker/_Examples/Robot Kyle/Model
  artifactKey: Guid(60ff0bfa8aafe0f4a9a7c26720296e4d) Importer(815301076,1909f56bfc062723c751e8b465ee728b)
Start importing Assets/DevLocker/_Examples/Robot Kyle/Model using Guid(60ff0bfa8aafe0f4a9a7c26720296e4d) Importer(815301076,1909f56bfc062723c751e8b465ee728b)  -> (artifact id: '00a50d28f44e0beb92f73d4be69083e3') in 0.005041 seconds 
========================================================================
Received Import Request.
  Time since last request: 0.055644 seconds.
  path: Assets/DevLocker/_Examples/Robot Kyle/Model/Robot Kyle-Ragdolled.prefab
  artifactKey: Guid(b6ecacd908494c148823d2c03a03863c) Importer(815301076,1909f56bfc062723c751e8b465ee728b)
Start importing Assets/DevLocker/_Examples/Robot Kyle/Model/Robot Kyle-Ragdolled.prefab using Guid(b6ecacd908494c148823d2c03a03863c) Importer(815301076,1909f56bfc062723c751e8b465ee728b)  -> (artifact id: '099d89ddb028eedf9d3404c333919fa0') in 0.058344 seconds 
========================================================================
Received Import Request.
  Time since last request: 0.000215 seconds.
  path: Assets/DevLocker/_Examples/Robot Kyle/Model/Robot Kyle.fbx
  artifactKey: Guid(320b1c2af77554f99a1658df4a6d3d5c) Importer(815301076,1909f56bfc062723c751e8b465ee728b)
Start importing Assets/DevLocker/_Examples/Robot Kyle/Model/Robot Kyle.fbx using Guid(320b1c2af77554f99a1658df4a6d3d5c) Importer(815301076,1909f56bfc062723c751e8b465ee728b)  -> (artifact id: '62fe2d9d12e6137a5950bf2323e6df54') in 0.052488 seconds 
========================================================================
Received Prepare
Registering precompiled user dll's ...
Registered in 0.002350 seconds.
Begin MonoManager ReloadAssembly
Native extension for WindowsStandalone target not found
Native extension for OSXStandalone target not found
Refreshing native plugins compatible for Editor in 0.29 ms, found 2 plugins.
Preloading 0 native plugins for Editor in 0.00 ms.
Mono: successfully reloaded assembly
- Completed reload, in  0.811 seconds
Domain Reload Profiling:
	ReloadAssembly (812ms)
		BeginReloadAssembly (104ms)
			ExecutionOrderSort (0ms)
			DisableScriptedObjects (4ms)
			BackupInstance (0ms)
			ReleaseScriptingObjects (0ms)
			CreateAndSetChildDomain (29ms)
		EndReloadAssembly (653ms)
			LoadAssemblies (84ms)
			RebuildTransferFunctionScriptingTraits (0ms)
			SetupTypeCache (216ms)
			ReleaseScriptCaches (1ms)
			RebuildScriptCaches (36ms)
			SetupLoadedEditorAssemblies (251ms)
				LogAssemblyErrors (0ms)
				InitializePlatformSupportModulesInManaged (5ms)
				SetLoadedEditorAssemblies (0ms)
				RefreshPlugins (0ms)
				BeforeProcessingInitializeOnLoad (78ms)
				ProcessInitializeOnLoadAttributes (154ms)
				ProcessInitializeOnLoadMethodAttributes (8ms)
				AfterProcessingInitializeOnLoad (6ms)
				EditorAssembliesLoaded (0ms)
			ExecutionOrderSort2 (0ms)
			AwakeInstancesAfterBackupRestoration (6ms)
Platform modules already initialized, skipping
Refreshing native plugins compatible for Editor in 0.33 ms, found 2 plugins.
Preloading 0 native plugins for Editor in 0.00 ms.
Unloading 1517 Unused Serialized files (Serialized files now loaded: 0)
System memory in use before: 88.0 MB.
System memory in use after: 88.1 MB.

Unloading 11 unused Assets to reduce memory usage. Loaded Objects now: 2025.
Total: 2.100100 ms (FindLiveObjects: 0.117800 ms CreateObjectMapping: 0.045500 ms MarkObjects: 1.921500 ms  DeleteObjects: 0.014700 ms)

AssetImportParameters requested are different than current active one (requested -> active):
  custom:framework-win-MediaFoundation: 216162199b28c13a410421893ffa2e32 -> 
  custom:video-decoder-ogg-theora: a1e56fd34408186e4bbccfd4996cb3dc -> 
  custom:container-muxer-webm: aa71ff27fc2769a1b78a27578f13a17b -> 
  custom:container-demuxer-webm: 4f35f7cbe854078d1ac9338744f61a02 -> 
  custom:container-demuxer-ogg: 62fdf1f143b41e24485cea50d1cbac27 -> 
  custom:video-encoder-webm-vp8: eb34c28f22e8b96e1ab97ce403110664 -> 
  custom:video-decoder-webm-vp8: 9c59270c3fd7afecdb556c50c9e8de78 -> 
  custom:audio-decoder-ogg-vorbis: bf7c407c2cedff20999df2af8eb42d56 -> 
  custom:audio-encoder-webm-vorbis: bf7c407c2cedff20999df2af8eb42d56 -> 
========================================================================
Received Import Request.
  Time since last request: 84.294040 seconds.
  path: Assets/DevLocker/_Examples/Robot Kyle/Materials/Robot_Color.mat
  artifactKey: Guid(0aa851515cd3747d6b3b3e461199a2ed) Importer(815301076,1909f56bfc062723c751e8b465ee728b)
Start importing Assets/DevLocker/_Examples/Robot Kyle/Materials/Robot_Color.mat using Guid(0aa851515cd3747d6b3b3e461199a2ed) Importer(815301076,1909f56bfc062723c751e8b465ee728b)  -> (artifact id: 'd914e77d4d64a9240b74a0f94be7e1b4') in 0.129980 seconds 
AssetImportWorkerClient::OnTransportError - code=2 error=End of file
